<?xml version="1.0" encoding="UTF-8"?>
<testsuite name="org.example.MyTreeTest" tests="4" skipped="0" failures="0" errors="0" timestamp="2023-04-23T19:51:34" hostname="DESKTOP-SQJCSFB" time="0.091">
  <properties/>
  <testcase name="ifGetHeightOfTree()" classname="org.example.MyTreeTest" time="0.076"/>
  <testcase name="ifTreesAreEqual()" classname="org.example.MyTreeTest" time="0.002"/>
  <testcase name="ifTreesAreNotEqual()" classname="org.example.MyTreeTest" time="0.003"/>
  <testcase name="ifGetNumberOfLeaves()" classname="org.example.MyTreeTest" time="0.002"/>
  <system-out><![CDATA[]]></system-out>
  <system-err><![CDATA[]]></system-err>
</testsuite>
